0 info it worked if it ends with ok
1 verbose cli [ '/Users/macbookpro/.nvm/versions/node/v6.9.5/bin/node',
1 verbose cli   '/Users/macbookpro/.nvm/versions/node/v6.9.5/bin/npm',
1 verbose cli   'run',
1 verbose cli   'seed' ]
2 info using npm@3.10.10
3 info using node@v6.9.5
4 verbose run-script [ 'preseed', 'seed', 'postseed' ]
5 info lifecycle opportunity@1.0.0~preseed: opportunity@1.0.0
6 silly lifecycle opportunity@1.0.0~preseed: no script for preseed, continuing
7 info lifecycle opportunity@1.0.0~seed: opportunity@1.0.0
8 verbose lifecycle opportunity@1.0.0~seed: unsafe-perm in lifecycle true
9 verbose lifecycle opportunity@1.0.0~seed: PATH: /Users/macbookpro/.nvm/versions/node/v6.9.5/lib/node_modules/npm/bin/node-gyp-bin:/Users/macbookpro/Documents/HackReactor/Opp/node_modules/.bin:/Users/macbookpro/.rvm/gems/ruby-2.0.0-p648/bin:/Users/macbookpro/.rvm/gems/ruby-2.0.0-p648@global/bin:/Users/macbookpro/.rvm/rubies/ruby-2.0.0-p648/bin:/Users/macbookpro/.nvm/versions/node/v6.9.5/bin:/usr/local/bin:/usr/bin:/bin:/usr/sbin:/sbin:/Applications/Postgres.app/Contents/Versions/latest/bin:/Users/macbookpro/.rvm/gems/ruby-2.0.0-p648/bin:/Users/macbookpro/.rvm/gems/ruby-2.0.0-p648@global/bin:/Users/macbookpro/.rvm/rubies/ruby-2.0.0-p648/bin:/Users/macbookpro/.rvm/bin:/Users/macbookpro/.rvm/bin
10 verbose lifecycle opportunity@1.0.0~seed: CWD: /Users/macbookpro/Documents/HackReactor/Opp
11 silly lifecycle opportunity@1.0.0~seed: Args: [ '-c',
11 silly lifecycle   'sequelize db:seed:all --config src/db/config/config.json --options-path=src/db/config/options.json --env production ' ]
12 silly lifecycle opportunity@1.0.0~seed: Returned: code: 1  signal: null
13 info lifecycle opportunity@1.0.0~seed: Failed to exec seed script
14 verbose stack Error: opportunity@1.0.0 seed: `sequelize db:seed:all --config src/db/config/config.json --options-path=src/db/config/options.json --env production `
14 verbose stack Exit status 1
14 verbose stack     at EventEmitter.<anonymous> (/Users/macbookpro/.nvm/versions/node/v6.9.5/lib/node_modules/npm/lib/utils/lifecycle.js:255:16)
14 verbose stack     at emitTwo (events.js:106:13)
14 verbose stack     at EventEmitter.emit (events.js:191:7)
14 verbose stack     at ChildProcess.<anonymous> (/Users/macbookpro/.nvm/versions/node/v6.9.5/lib/node_modules/npm/lib/utils/spawn.js:40:14)
14 verbose stack     at emitTwo (events.js:106:13)
14 verbose stack     at ChildProcess.emit (events.js:191:7)
14 verbose stack     at maybeClose (internal/child_process.js:877:16)
14 verbose stack     at Process.ChildProcess._handle.onexit (internal/child_process.js:226:5)
15 verbose pkgid opportunity@1.0.0
16 verbose cwd /Users/macbookpro/Documents/HackReactor/Opp
17 error Darwin 16.6.0
18 error argv "/Users/macbookpro/.nvm/versions/node/v6.9.5/bin/node" "/Users/macbookpro/.nvm/versions/node/v6.9.5/bin/npm" "run" "seed"
19 error node v6.9.5
20 error npm  v3.10.10
21 error code ELIFECYCLE
22 error opportunity@1.0.0 seed: `sequelize db:seed:all --config src/db/config/config.json --options-path=src/db/config/options.json --env production `
22 error Exit status 1
23 error Failed at the opportunity@1.0.0 seed script 'sequelize db:seed:all --config src/db/config/config.json --options-path=src/db/config/options.json --env production '.
23 error Make sure you have the latest version of node.js and npm installed.
23 error If you do, this is most likely a problem with the opportunity package,
23 error not with npm itself.
23 error Tell the author that this fails on your system:
23 error     sequelize db:seed:all --config src/db/config/config.json --options-path=src/db/config/options.json --env production
23 error You can get information on how to open an issue for this project with:
23 error     npm bugs opportunity
23 error Or if that isn't available, you can get their info via:
23 error     npm owner ls opportunity
23 error There is likely additional logging output above.
24 verbose exit [ 1, true ]
